<?xml version="1.0" encoding="UTF-8"?>
<!-- Generated by org.testng.reporters.JUnitReportReporter -->
<testsuite hostname="192.168.1.11" failures="0" tests="1" name="proj_package.Tests.E2E_Test" time="40.155" errors="0" timestamp="2024-03-13T13:35:43 IST" skipped="0">
  <testcase classname="proj_package.Tests.E2E_Test" name="allModuleIntegrationTest_E2E" time="40.155"/>
</testsuite> <!-- proj_package.Tests.E2E_Test -->
