<?xml version="1.0" encoding="UTF-8"?>
<!-- Generated by org.testng.reporters.JUnitReportReporter -->
<testsuite hostname="Mihirs-MacBook-Air.local" failures="0" tests="6" name="proj_package.Tests.Test1" time="33.231" errors="0" timestamp="2024-03-11T22:08:39 IST" skipped="5">
  <testcase classname="proj_package.Tests.Test1" name="test6" time="33.231"/>
  <testcase classname="proj_package.Tests.Test1" name="test3">
    <skipped/>
  </testcase> <!-- test3 -->
  <testcase classname="proj_package.Tests.Test1" name="test4">
    <skipped/>
  </testcase> <!-- test4 -->
  <testcase classname="proj_package.Tests.Test1" name="test5">
    <skipped/>
  </testcase> <!-- test5 -->
  <testcase classname="proj_package.Tests.Test1" name="test1">
    <skipped/>
  </testcase> <!-- test1 -->
  <testcase classname="proj_package.Tests.Test1" name="test2">
    <skipped/>
  </testcase> <!-- test2 -->
</testsuite> <!-- proj_package.Tests.Test1 -->
