<?xml version="1.0" encoding="UTF-8"?>
<!-- Generated by org.testng.reporters.JUnitReportReporter -->
<testsuite hostname="192.168.1.11" failures="0" tests="7" name="proj_package.Tests.Test1" time="35.436" errors="0" timestamp="2024-03-13T13:22:20 IST" skipped="6">
  <testcase classname="proj_package.Tests.Test1" name="test7" time="35.436"/>
  <testcase classname="proj_package.Tests.Test1" name="test5">
    <skipped/>
  </testcase> <!-- test5 -->
  <testcase classname="proj_package.Tests.Test1" name="test4">
    <skipped/>
  </testcase> <!-- test4 -->
  <testcase classname="proj_package.Tests.Test1" name="test6">
    <skipped/>
  </testcase> <!-- test6 -->
  <testcase classname="proj_package.Tests.Test1" name="test1">
    <skipped/>
  </testcase> <!-- test1 -->
  <testcase classname="proj_package.Tests.Test1" name="test3">
    <skipped/>
  </testcase> <!-- test3 -->
  <testcase classname="proj_package.Tests.Test1" name="test2">
    <skipped/>
  </testcase> <!-- test2 -->
</testsuite> <!-- proj_package.Tests.Test1 -->
