<?xml version="1.0" encoding="UTF-8"?>
<!-- Generated by org.testng.reporters.JUnitReportReporter -->
<testsuite hostname="192.168.1.4" failures="0" tests="3" name="proj_package.Tests.Test1" time="22.967" errors="0" timestamp="2024-02-21T18:08:08 IST" skipped="2">
  <testcase classname="proj_package.Tests.Test1" name="test3" time="22.967"/>
  <testcase classname="proj_package.Tests.Test1" name="test1">
    <skipped/>
  </testcase> <!-- test1 -->
  <testcase classname="proj_package.Tests.Test1" name="test2">
    <skipped/>
  </testcase> <!-- test2 -->
</testsuite> <!-- proj_package.Tests.Test1 -->
