<?xml version="1.0" encoding="UTF-8"?>
<!-- Generated by org.testng.reporters.JUnitReportReporter -->
<testsuite hostname="Mihirs-MacBook-Air.local" failures="0" tests="5" name="proj_package.Tests.Test1" time="96.531" errors="0" timestamp="2024-02-22T13:46:29 IST" skipped="0">
  <testcase classname="proj_package.Tests.Test1" name="test3" time="24.084"/>
  <testcase classname="proj_package.Tests.Test1" name="test2" time="18.804"/>
  <testcase classname="proj_package.Tests.Test1" name="test5" time="12.127"/>
  <testcase classname="proj_package.Tests.Test1" name="test1" time="17.230"/>
  <testcase classname="proj_package.Tests.Test1" name="text4" time="24.286"/>
</testsuite> <!-- proj_package.Tests.Test1 -->
