<?xml version="1.0" encoding="UTF-8"?>
<!-- Generated by org.testng.reporters.JUnitReportReporter -->
<testsuite hostname="Mihirs-MacBook-Air.local" failures="0" tests="4" name="proj_package.Tests.Test1" time="77.652" errors="0" timestamp="2024-02-22T22:20:47 IST" skipped="0">
  <testcase classname="proj_package.Tests.Test1" name="test4" time="15.665"/>
  <testcase classname="proj_package.Tests.Test1" name="test3" time="20.033"/>
  <testcase classname="proj_package.Tests.Test1" name="test1" time="20.868"/>
  <testcase classname="proj_package.Tests.Test1" name="test2" time="21.086"/>
</testsuite> <!-- proj_package.Tests.Test1 -->
