<?xml version="1.0" encoding="UTF-8"?>
<!-- Generated by org.testng.reporters.JUnitReportReporter -->
<testsuite hostname="Mihirs-MacBook-Air.local" failures="0" tests="5" name="proj_package.Tests.Test1" time="86.715" errors="0" timestamp="2024-02-22T23:16:52 IST" skipped="0">
  <testcase classname="proj_package.Tests.Test1" name="test2" time="19.986"/>
  <testcase classname="proj_package.Tests.Test1" name="test3" time="21.567"/>
  <testcase classname="proj_package.Tests.Test1" name="test4" time="17.186"/>
  <testcase classname="proj_package.Tests.Test1" name="test5" time="12.290"/>
  <testcase classname="proj_package.Tests.Test1" name="test1" time="15.686"/>
</testsuite> <!-- proj_package.Tests.Test1 -->
