<?xml version="1.0" encoding="UTF-8"?>
<!-- Generated by org.testng.reporters.JUnitReportReporter -->
<testsuite hostname="Mihirs-MacBook-Air.local" failures="0" tests="2" name="proj_package.Tests.Test1" time="41.947" errors="0" timestamp="2024-02-20T22:30:50 IST" skipped="0">
  <testcase classname="proj_package.Tests.Test1" name="test2" time="21.034"/>
  <testcase classname="proj_package.Tests.Test1" name="test1" time="20.913"/>
</testsuite> <!-- proj_package.Tests.Test1 -->
